[
  {
    "deployment_id": "gipfcndtddodeyveexjx_c108e641-10a0-4460-be4a-68c7a0af8d93_1",
    "event_message": "POST | 401 | https://gipfcndtddodeyveexjx.supabase.co/functions/v1/orchestrate-report",
    "execution_id": null,
    "execution_time_ms": 228,
    "function_id": "c108e641-10a0-4460-be4a-68c7a0af8d93",
    "id": "f27fd9eb-5d67-44d3-b6ee-ba5cc60d2e52",
    "method": "POST",
    "pathname": "/functions/v1/orchestrate-report",
    "status_code": 401,
    "timestamp": 1775529185995000,
    "version": "1"
  },
  {
    "deployment_id": "gipfcndtddodeyveexjx_c108e641-10a0-4460-be4a-68c7a0af8d93_1",
    "event_message": "POST | 401 | https://gipfcndtddodeyveexjx.supabase.co/functions/v1/orchestrate-report",
    "execution_id": null,
    "execution_time_ms": 268,
    "function_id": "c108e641-10a0-4460-be4a-68c7a0af8d93",
    "id": "b5969f61-e7f8-4146-9a45-ecceac3f2629",
    "method": "POST",
    "pathname": "/functions/v1/orchestrate-report",
    "status_code": 401,
    "timestamp": 1775529181368000,
    "version": "1"
  },
  {
    "deployment_id": "gipfcndtddodeyveexjx_c108e641-10a0-4460-be4a-68c7a0af8d93_1",
    "event_message": "POST | 401 | https://gipfcndtddodeyveexjx.supabase.co/functions/v1/orchestrate-report",
    "execution_id": null,
    "execution_time_ms": 300,
    "function_id": "c108e641-10a0-4460-be4a-68c7a0af8d93",
    "id": "ee2f1bf0-bf55-4473-9e98-a3ac816d6b5b",
    "method": "POST",
    "pathname": "/functions/v1/orchestrate-report",
    "status_code": 401,
    "timestamp": 1775529178675000,
    "version": "1"
  },
  {
    "deployment_id": "gipfcndtddodeyveexjx_9581de3c-d037-4afb-9f62-5f85d88b41c7_9",
    "event_message": "POST | 401 | https://gipfcndtddodeyveexjx.supabase.co/functions/v1/draft-response",
    "execution_id": null,
    "execution_time_ms": 171,
    "function_id": "9581de3c-d037-4afb-9f62-5f85d88b41c7",
    "id": "9ac90800-07fc-4ce3-889a-00909d673c1b",
    "method": "POST",
    "pathname": "/functions/v1/draft-response",
    "status_code": 401,
    "timestamp": 1775495208089000,
    "version": "9"
  },
  {
    "deployment_id": "gipfcndtddodeyveexjx_9581de3c-d037-4afb-9f62-5f85d88b41c7_9",
    "event_message": "POST | 401 | https://gipfcndtddodeyveexjx.supabase.co/functions/v1/draft-response",
    "execution_id": null,
    "execution_time_ms": 176,
    "function_id": "9581de3c-d037-4afb-9f62-5f85d88b41c7",
    "id": "1597e0e6-2007-4843-a74b-c5233ba83ce6",
    "method": "POST",
    "pathname": "/functions/v1/draft-response",
    "status_code": 401,
    "timestamp": 1775495199798000,
    "version": "9"
  },
  {
    "deployment_id": "gipfcndtddodeyveexjx_9581de3c-d037-4afb-9f62-5f85d88b41c7_9",
    "event_message": "POST | 401 | https://gipfcndtddodeyveexjx.supabase.co/functions/v1/draft-response",
    "execution_id": null,
    "execution_time_ms": 163,
    "function_id": "9581de3c-d037-4afb-9f62-5f85d88b41c7",
    "id": "cc4d576b-a405-4164-8f37-3bbadb98a9b1",
    "method": "POST",
    "pathname": "/functions/v1/draft-response",
    "status_code": 401,
    "timestamp": 1775495195521000,
    "version": "9"
  },
  {
    "deployment_id": "gipfcndtddodeyveexjx_9581de3c-d037-4afb-9f62-5f85d88b41c7_9",
    "event_message": "POST | 401 | https://gipfcndtddodeyveexjx.supabase.co/functions/v1/draft-response",
    "execution_id": null,
    "execution_time_ms": 189,
    "function_id": "9581de3c-d037-4afb-9f62-5f85d88b41c7",
    "id": "3b164a88-25d3-49b9-9e9c-05e86ed1a2b1",
    "method": "POST",
    "pathname": "/functions/v1/draft-response",
    "status_code": 401,
    "timestamp": 1775495193284000,
    "version": "9"
  },
  {
    "deployment_id": "gipfcndtddodeyveexjx_9581de3c-d037-4afb-9f62-5f85d88b41c7_9",
    "event_message": "POST | 401 | https://gipfcndtddodeyveexjx.supabase.co/functions/v1/draft-response",
    "execution_id": null,
    "execution_time_ms": 166,
    "function_id": "9581de3c-d037-4afb-9f62-5f85d88b41c7",
    "id": "0b70aa2b-8661-448b-ac59-4ead30286aaf",
    "method": "POST",
    "pathname": "/functions/v1/draft-response",
    "status_code": 401,
    "timestamp": 1775493696487000,
    "version": "9"
  },
  {
    "deployment_id": "gipfcndtddodeyveexjx_9581de3c-d037-4afb-9f62-5f85d88b41c7_9",
    "event_message": "POST | 401 | https://gipfcndtddodeyveexjx.supabase.co/functions/v1/draft-response",
    "execution_id": null,
    "execution_time_ms": 184,
    "function_id": "9581de3c-d037-4afb-9f62-5f85d88b41c7",
    "id": "cebf3f2e-bf42-41ed-b96d-a553cb64a04e",
    "method": "POST",
    "pathname": "/functions/v1/draft-response",
    "status_code": 401,
    "timestamp": 1775493692704000,
    "version": "9"
  },
  {
    "deployment_id": "gipfcndtddodeyveexjx_9581de3c-d037-4afb-9f62-5f85d88b41c7_9",
    "event_message": "POST | 401 | https://gipfcndtddodeyveexjx.supabase.co/functions/v1/draft-response",
    "execution_id": null,
    "execution_time_ms": 173,
    "function_id": "9581de3c-d037-4afb-9f62-5f85d88b41c7",
    "id": "bfcdce7d-4da2-4b00-9c2f-5ce381a2b08f",
    "method": "POST",
    "pathname": "/functions/v1/draft-response",
    "status_code": 401,
    "timestamp": 1775493688225000,
    "version": "9"
  },
  {
    "deployment_id": "gipfcndtddodeyveexjx_9581de3c-d037-4afb-9f62-5f85d88b41c7_9",
    "event_message": "POST | 401 | https://gipfcndtddodeyveexjx.supabase.co/functions/v1/draft-response",
    "execution_id": null,
    "execution_time_ms": 165,
    "function_id": "9581de3c-d037-4afb-9f62-5f85d88b41c7",
    "id": "819d39da-e503-4970-b247-17405dd4a8d1",
    "method": "POST",
    "pathname": "/functions/v1/draft-response",
    "status_code": 401,
    "timestamp": 1775493684359000,
    "version": "9"
  },
  {
    "deployment_id": "gipfcndtddodeyveexjx_9581de3c-d037-4afb-9f62-5f85d88b41c7_9",
    "event_message": "POST | 401 | https://gipfcndtddodeyveexjx.supabase.co/functions/v1/draft-response",
    "execution_id": null,
    "execution_time_ms": 177,
    "function_id": "9581de3c-d037-4afb-9f62-5f85d88b41c7",
    "id": "4ebf0f0f-aa5d-4a8f-b72e-e542d0bf3362",
    "method": "POST",
    "pathname": "/functions/v1/draft-response",
    "status_code": 401,
    "timestamp": 1775493683845000,
    "version": "9"
  },
  {
    "deployment_id": "gipfcndtddodeyveexjx_9581de3c-d037-4afb-9f62-5f85d88b41c7_9",
    "event_message": "POST | 401 | https://gipfcndtddodeyveexjx.supabase.co/functions/v1/draft-response",
    "execution_id": null,
    "execution_time_ms": 173,
    "function_id": "9581de3c-d037-4afb-9f62-5f85d88b41c7",
    "id": "f485dd5a-766c-49e1-9d4e-84d6c3e2e1a1",
    "method": "POST",
    "pathname": "/functions/v1/draft-response",
    "status_code": 401,
    "timestamp": 1775493680839000,
    "version": "9"
  },
  {
    "deployment_id": "gipfcndtddodeyveexjx_9581de3c-d037-4afb-9f62-5f85d88b41c7_9",
    "event_message": "POST | 401 | https://gipfcndtddodeyveexjx.supabase.co/functions/v1/draft-response",
    "execution_id": null,
    "execution_time_ms": 194,
    "function_id": "9581de3c-d037-4afb-9f62-5f85d88b41c7",
    "id": "3eea6305-a03a-469a-8b4f-7f9d9bacae3f",
    "method": "POST",
    "pathname": "/functions/v1/draft-response",
    "status_code": 401,
    "timestamp": 1775493680055000,
    "version": "9"
  },
  {
    "deployment_id": "gipfcndtddodeyveexjx_9581de3c-d037-4afb-9f62-5f85d88b41c7_9",
    "event_message": "POST | 401 | https://gipfcndtddodeyveexjx.supabase.co/functions/v1/draft-response",
    "execution_id": null,
    "execution_time_ms": 1685,
    "function_id": "9581de3c-d037-4afb-9f62-5f85d88b41c7",
    "id": "bf0c943a-8211-4c25-b4fc-52bfba2cc88e",
    "method": "POST",
    "pathname": "/functions/v1/draft-response",
    "status_code": 401,
    "timestamp": 1775493677701000,
    "version": "9"
  },
  {
    "deployment_id": "gipfcndtddodeyveexjx_c108e641-10a0-4460-be4a-68c7a0af8d93_1",
    "event_message": "POST | 401 | https://gipfcndtddodeyveexjx.supabase.co/functions/v1/orchestrate-report",
    "execution_id": null,
    "execution_time_ms": 171,
    "function_id": "c108e641-10a0-4460-be4a-68c7a0af8d93",
    "id": "cc704649-6a00-4203-b9f3-1d1248df311c",
    "method": "POST",
    "pathname": "/functions/v1/orchestrate-report",
    "status_code": 401,
    "timestamp": 1775493277878000,
    "version": "1"
  },
  {
    "deployment_id": "gipfcndtddodeyveexjx_c108e641-10a0-4460-be4a-68c7a0af8d93_1",
    "event_message": "POST | 401 | https://gipfcndtddodeyveexjx.supabase.co/functions/v1/orchestrate-report",
    "execution_id": null,
    "execution_time_ms": 185,
    "function_id": "c108e641-10a0-4460-be4a-68c7a0af8d93",
    "id": "5cc2409e-59a3-4b6d-9edf-562afccee1bc",
    "method": "POST",
    "pathname": "/functions/v1/orchestrate-report",
    "status_code": 401,
    "timestamp": 1775493273328000,
    "version": "1"
  },
  {
    "deployment_id": "gipfcndtddodeyveexjx_c108e641-10a0-4460-be4a-68c7a0af8d93_1",
    "event_message": "POST | 401 | https://gipfcndtddodeyveexjx.supabase.co/functions/v1/orchestrate-report",
    "execution_id": null,
    "execution_time_ms": 186,
    "function_id": "c108e641-10a0-4460-be4a-68c7a0af8d93",
    "id": "6f2922bc-06f9-445b-b9dd-bc67f04f4232",
    "method": "POST",
    "pathname": "/functions/v1/orchestrate-report",
    "status_code": 401,
    "timestamp": 1775493270809000,
    "version": "1"
  },
  {
    "deployment_id": "gipfcndtddodeyveexjx_c108e641-10a0-4460-be4a-68c7a0af8d93_1",
    "event_message": "POST | 401 | https://gipfcndtddodeyveexjx.supabase.co/functions/v1/orchestrate-report",
    "execution_id": null,
    "execution_time_ms": 173,
    "function_id": "c108e641-10a0-4460-be4a-68c7a0af8d93",
    "id": "09197c18-cb61-4aa9-bcb5-798031067311",
    "method": "POST",
    "pathname": "/functions/v1/orchestrate-report",
    "status_code": 401,
    "timestamp": 1775493250248000,
    "version": "1"
  },
  {
    "deployment_id": "gipfcndtddodeyveexjx_c108e641-10a0-4460-be4a-68c7a0af8d93_1",
    "event_message": "POST | 401 | https://gipfcndtddodeyveexjx.supabase.co/functions/v1/orchestrate-report",
    "execution_id": null,
    "execution_time_ms": 207,
    "function_id": "c108e641-10a0-4460-be4a-68c7a0af8d93",
    "id": "8c0fc94c-da59-402a-9a29-978d6a826b60",
    "method": "POST",
    "pathname": "/functions/v1/orchestrate-report",
    "status_code": 401,
    "timestamp": 1775493245747000,
    "version": "1"
  },
  {
    "deployment_id": "gipfcndtddodeyveexjx_c108e641-10a0-4460-be4a-68c7a0af8d93_1",
    "event_message": "POST | 401 | https://gipfcndtddodeyveexjx.supabase.co/functions/v1/orchestrate-report",
    "execution_id": null,
    "execution_time_ms": 431,
    "function_id": "c108e641-10a0-4460-be4a-68c7a0af8d93",
    "id": "f502dd10-dc72-46cf-a535-ca5f7ef20cf0",
    "method": "POST",
    "pathname": "/functions/v1/orchestrate-report",
    "status_code": 401,
    "timestamp": 1775493243022000,
    "version": "1"
  },
  {
    "deployment_id": "gipfcndtddodeyveexjx_7f425d9c-81d6-4e78-b11c-3f49ccf35724_12",
    "event_message": "POST | 401 | https://gipfcndtddodeyveexjx.supabase.co/functions/v1/chatbot",
    "execution_id": null,
    "execution_time_ms": 259,
    "function_id": "7f425d9c-81d6-4e78-b11c-3f49ccf35724",
    "id": "00eba76b-278f-48fa-b150-f81765dc5944",
    "method": "POST",
    "pathname": "/functions/v1/chatbot",
    "status_code": 401,
    "timestamp": 1775493098233000,
    "version": "12"
  }
]