[
  {
    "deployment_id": "gipfcndtddodeyveexjx_078e8043-889e-4a64-aaa5-15c309cd2a68_2",
    "event_message": "POST | 401 | https://gipfcndtddodeyveexjx.supabase.co/functions/v1/analyze-image",
    "execution_id": null,
    "execution_time_ms": 263,
    "function_id": "078e8043-889e-4a64-aaa5-15c309cd2a68",
    "id": "12e6a906-3287-4725-b0f1-b2ecfaec51c8",
    "method": "POST",
    "pathname": "/functions/v1/analyze-image",
    "status_code": 401,
    "timestamp": 1775230492022000,
    "version": "2"
  },
  {
    "deployment_id": "gipfcndtddodeyveexjx_078e8043-889e-4a64-aaa5-15c309cd2a68_2",
    "event_message": "POST | 401 | https://gipfcndtddodeyveexjx.supabase.co/functions/v1/analyze-image",
    "execution_id": null,
    "execution_time_ms": 232,
    "function_id": "078e8043-889e-4a64-aaa5-15c309cd2a68",
    "id": "7f924580-0b92-4248-991f-d37e319b631a",
    "method": "POST",
    "pathname": "/functions/v1/analyze-image",
    "status_code": 401,
    "timestamp": 1775230487466000,
    "version": "2"
  },
  {
    "deployment_id": "gipfcndtddodeyveexjx_078e8043-889e-4a64-aaa5-15c309cd2a68_2",
    "event_message": "POST | 401 | https://gipfcndtddodeyveexjx.supabase.co/functions/v1/analyze-image",
    "execution_id": null,
    "execution_time_ms": 1544,
    "function_id": "078e8043-889e-4a64-aaa5-15c309cd2a68",
    "id": "63cfe541-cb4f-48c6-ba52-8debab2c05aa",
    "method": "POST",
    "pathname": "/functions/v1/analyze-image",
    "status_code": 401,
    "timestamp": 1775230484859000,
    "version": "2"
  }
]