[
  {
    "event_message": "Schema cache loaded in 101.8 milliseconds",
    "id": "b153f410-8091-49c8-8f00-012b94f4dff9",
    "timestamp": 1775499333195616
  },
  {
    "event_message": "Schema cache loaded 16 Relations, 14 Relationships, 262 Functions, 0 Domain Representations, 4 Media Type Handlers, 1196 Timezones",
    "id": "aad6d3bc-3322-4f0f-849a-13b52e70e97c",
    "timestamp": 1775499333193818
  },
  {
    "event_message": "Schema cache queried in 1420.4 milliseconds",
    "id": "972011b1-dd4a-479f-9d5b-ee03cf84cac8",
    "timestamp": 1775499333091992
  },
  {
    "event_message": "Config reloaded",
    "id": "0e1ba080-8b03-439c-8c74-7f145db3a5b3",
    "timestamp": 1775499331668561
  },
  {
    "event_message": "Connection Pool initialized with a maximum size of 10 connections",
    "id": "85f95dba-daa6-42ab-9cc5-7715bf6569bc",
    "timestamp": 1775499331580914
  },
  {
    "event_message": "Successfully connected to PostgreSQL 17.6 on aarch64-unknown-linux-gnu, compiled by gcc (GCC) 15.2.0, 64-bit",
    "id": "e8b022e5-f89b-4613-bee4-8b5129f06ff3",
    "timestamp": 1775499331579949
  },
  {
    "event_message": "Schema cache loaded in 605.2 milliseconds",
    "id": "be0d858f-f15d-4689-86ff-05ba069ace12",
    "timestamp": 1775499331297106
  },
  {
    "event_message": "Schema cache loaded 15 Relations, 13 Relationships, 262 Functions, 0 Domain Representations, 4 Media Type Handlers, 1196 Timezones",
    "id": "39552181-720a-4010-a9aa-fe47b77d62fd",
    "timestamp": 1775499331295814
  },
  {
    "event_message": "Schema cache queried in 1543.3 milliseconds",
    "id": "7a88afd5-caca-41f4-bcb7-e402309aab09",
    "timestamp": 1775499330690656
  },
  {
    "event_message": "Received a schema cache reload message on the \"pgrst\" channel",
    "id": "e4cd4f42-1b86-41d8-9712-32c9fbc853db",
    "timestamp": 1775499330329940
  },
  {
    "event_message": "Config reloaded",
    "id": "18c5a2a4-3f51-4ab4-828d-1a9b0a5d4fab",
    "timestamp": 1775499329144421
  },
  {
    "event_message": "Connection Pool initialized with a maximum size of 10 connections",
    "id": "12bdd962-deec-40ba-b803-da6519d537cf",
    "timestamp": 1775499328942340
  },
  {
    "event_message": "Successfully connected to PostgreSQL 17.6 on aarch64-unknown-linux-gnu, compiled by gcc (GCC) 15.2.0, 64-bit",
    "id": "8de6a2ab-ab9a-4906-89bb-dd971e58a996",
    "timestamp": 1775499328938485
  },
  {
    "event_message": "Received a schema cache reload message on the \"pgrst\" channel",
    "id": "c0eb094e-a569-4cce-be49-767fc639e0f3",
    "timestamp": 1775499328777076
  },
  {
    "event_message": "Schema cache loaded in 56.0 milliseconds",
    "id": "1f55c167-2163-4949-bedc-01d83b5f40eb",
    "timestamp": 1775497923093610
  },
  {
    "event_message": "Schema cache loaded 15 Relations, 13 Relationships, 262 Functions, 0 Domain Representations, 4 Media Type Handlers, 1196 Timezones",
    "id": "cbeb0b72-29f1-43f5-8b73-3c4c8c5e6e58",
    "timestamp": 1775497923093462
  },
  {
    "event_message": "Schema cache queried in 1446.3 milliseconds",
    "id": "49172746-e966-4f71-bed7-f14add29bd06",
    "timestamp": 1775497923037409
  },
  {
    "event_message": "Config reloaded",
    "id": "a64d03e9-c3af-482c-acfe-d28e04a64257",
    "timestamp": 1775497921584415
  },
  {
    "event_message": "Connection Pool initialized with a maximum size of 10 connections",
    "id": "3e1dcfd4-af8d-4df5-bc87-a563059ad091",
    "timestamp": 1775497921365871
  },
  {
    "event_message": "Successfully connected to PostgreSQL 17.6 on aarch64-unknown-linux-gnu, compiled by gcc (GCC) 15.2.0, 64-bit",
    "id": "c3edefe7-1dae-4d73-85a1-2b5f19f41f14",
    "timestamp": 1775497921361493
  },
  {
    "event_message": "Received a schema cache reload message on the \"pgrst\" channel",
    "id": "21751ba8-9f4f-48f2-86d2-5a3bfb0a2587",
    "timestamp": 1775497921230977
  },
  {
    "event_message": "Schema cache loaded in 1.3 milliseconds",
    "id": "4f60bb90-7ffb-4737-b4bf-8eeab1adc407",
    "timestamp": 1775493298259761
  },
  {
    "event_message": "Schema cache loaded 15 Relations, 13 Relationships, 262 Functions, 0 Domain Representations, 4 Media Type Handlers, 1196 Timezones",
    "id": "ce07e92a-9ad1-43d1-9679-56403e6deee4",
    "timestamp": 1775493298259704
  },
  {
    "event_message": "Schema cache queried in 1321.5 milliseconds",
    "id": "2d16c4cd-1de6-427d-b75c-073abfb2b38c",
    "timestamp": 1775493298258439
  },
  {
    "event_message": "Config reloaded",
    "id": "edffa884-763f-46ca-8bf1-f4f287a6e356",
    "timestamp": 1775493296932655
  },
  {
    "event_message": "Connection Pool initialized with a maximum size of 10 connections",
    "id": "7648552d-64f0-4122-b1d4-02c997ada182",
    "timestamp": 1775493296895041
  },
  {
    "event_message": "Successfully connected to PostgreSQL 17.6 on aarch64-unknown-linux-gnu, compiled by gcc (GCC) 15.2.0, 64-bit",
    "id": "eb8475c4-fc82-4102-9f9d-7db171a11353",
    "timestamp": 1775493296895041
  },
  {
    "event_message": "Schema cache loaded in 1.2 milliseconds",
    "id": "62a0330e-3282-48f5-8bc7-61ccf91a9d8b",
    "timestamp": 1775493296713200
  },
  {
    "event_message": "Schema cache loaded 15 Relations, 13 Relationships, 262 Functions, 0 Domain Representations, 4 Media Type Handlers, 1196 Timezones",
    "id": "8c5fad54-314d-4ee1-bb1a-36ed61aefc8f",
    "timestamp": 1775493296713134
  },
  {
    "event_message": "Schema cache queried in 894.4 milliseconds",
    "id": "e67c3d4c-07e8-4f3d-a46f-ad8ac9547238",
    "timestamp": 1775493296711961
  },
  {
    "event_message": "Config reloaded",
    "id": "6deec5c5-cdaa-4d8c-ad5c-130a82a97d72",
    "timestamp": 1775493295817307
  },
  {
    "event_message": "Connection Pool initialized with a maximum size of 10 connections",
    "id": "83d4dd85-8b5e-4c17-a33e-1ecf381c2356",
    "timestamp": 1775493295669345
  },
  {
    "event_message": "Successfully connected to PostgreSQL 17.6 on aarch64-unknown-linux-gnu, compiled by gcc (GCC) 15.2.0, 64-bit",
    "id": "fa0242ce-9b9a-46b1-8b39-449944c943d3",
    "timestamp": 1775493295668096
  },
  {
    "event_message": "Received a schema cache reload message on the \"pgrst\" channel",
    "id": "6ecb8263-9405-4cd9-9374-350055608028",
    "timestamp": 1775493295644788
  },
  {
    "event_message": "Received a schema cache reload message on the \"pgrst\" channel",
    "id": "6b6bb721-af1e-4980-a0ec-d135000c6630",
    "timestamp": 1775493295631471
  }
]