[
  {
    "event_message": "gipfcndtddodeyveexjx | GET | 200 | 10.102.17.165 | req-29b4 | /tenants/gipfcndtddodeyveexjx | @supabase-infra/mgmt-api/68b0dd1",
    "id": "59782050-9702-41ac-8161-a2e78b499273",
    "timestamp": 1775576876516000
  },
  {
    "event_message": "gipfcndtddodeyveexjx | GET | 200 | 10.102.17.165 | req-294y | /tenants/gipfcndtddodeyveexjx | @supabase-infra/mgmt-api/68b0dd1",
    "id": "ca42a5f7-b31a-4f9f-b633-f5e1c452793f",
    "timestamp": 1775576696765000
  },
  {
    "event_message": "gipfcndtddodeyveexjx | GET | 200 | 10.102.84.244 | req-292n | /tenants/gipfcndtddodeyveexjx | @supabase-infra/mgmt-api/68b0dd1",
    "id": "0a85966f-9a86-440a-82a9-957ed97d5aec",
    "timestamp": 1775576622095000
  },
  {
    "event_message": "gipfcndtddodeyveexjx | GET | 200 | 10.102.41.182 | req-291q | /tenants/gipfcndtddodeyveexjx | @supabase-infra/mgmt-api/68b0dd1",
    "id": "9fa3da8e-3a81-42a5-b18a-9800375125f1",
    "timestamp": 1775576597086000
  },
  {
    "event_message": "gipfcndtddodeyveexjx | GET | 200 | 10.102.84.244 | req-28y2 | /tenants/gipfcndtddodeyveexjx | @supabase-infra/mgmt-api/68b0dd1",
    "id": "6020e15a-9aba-447f-ae8d-cdb7aff7cb42",
    "timestamp": 1775576491554000
  },
  {
    "event_message": "gipfcndtddodeyveexjx | GET | 200 | 10.102.17.165 | req-28px | /tenants/gipfcndtddodeyveexjx | @supabase-infra/mgmt-api/68b0dd1",
    "id": "7faac1ca-2e45-44f3-8095-7727419eef5d",
    "timestamp": 1775576253080000
  },
  {
    "event_message": "gipfcndtddodeyveexjx | GET | 200 | 10.102.41.182 | req-28jp | /tenants/gipfcndtddodeyveexjx | @supabase-infra/mgmt-api/68b0dd1",
    "id": "f11270f6-4ab2-4e8c-b652-4f713bbc4f67",
    "timestamp": 1775576075471000
  },
  {
    "event_message": "gipfcndtddodeyveexjx | GET | 200 | 10.102.41.182 | req-283x | /tenants/gipfcndtddodeyveexjx | @supabase-infra/mgmt-api/68b0dd1",
    "id": "8d807de9-a4ac-4384-80be-0661b00301b6",
    "timestamp": 1775575603661000
  },
  {
    "event_message": "gipfcndtddodeyveexjx | GET | 200 | 10.102.41.182 | req-27zy | /tenants/gipfcndtddodeyveexjx | @supabase-infra/mgmt-api/68b0dd1",
    "id": "0d8830ad-b24d-4c7e-9a03-f02a0f61135b",
    "timestamp": 1775575487149000
  },
  {
    "event_message": "gipfcndtddodeyveexjx | GET | 200 | 10.102.84.244 | req-27y1 | /tenants/gipfcndtddodeyveexjx | @supabase-infra/mgmt-api/68b0dd1",
    "id": "e1bd00c6-5969-4e38-a70b-466930568c15",
    "timestamp": 1775575420327000
  },
  {
    "event_message": "gipfcndtddodeyveexjx | GET | 200 | 10.102.41.182 | req-27ul | /tenants/gipfcndtddodeyveexjx | @supabase-infra/mgmt-api/68b0dd1",
    "id": "f885da5d-0ff9-4f5f-9bbf-cae40f924d48",
    "timestamp": 1775575323367000
  },
  {
    "event_message": "gipfcndtddodeyveexjx | GET | 200 | 10.102.17.165 | req-1nbn | /tenants/gipfcndtddodeyveexjx | @supabase-infra/mgmt-api/68b0dd1",
    "id": "42d77459-6ff5-4253-a1ba-37671d590e7b",
    "timestamp": 1775558077855000
  },
  {
    "event_message": "gipfcndtddodeyveexjx | GET | 200 | 10.102.17.188 | 9e88510286b4b2d6-BOM | /object/info/public/issues/41dfe42b-4550-44d1-b287-645961fa80d4/1774954778181.jpg | undefined",
    "id": "221eab45-6183-45e5-8cc5-8d9bfa87782b",
    "timestamp": 1775557402238000
  },
  {
    "event_message": "gipfcndtddodeyveexjx | GET | 200 | 10.102.17.188 | 9e88508e267f7e2c-BOM | /object/public/issues/c08fe4ec-393d-4983-96c3-46d25f6cd220/1775227707605_v.mp4 | ExoPlayer",
    "id": "4988c63e-a29e-4d91-9a85-b72ad2b922b5",
    "timestamp": 1775557383806000
  },
  {
    "event_message": "gipfcndtddodeyveexjx | GET | 200 | 10.102.42.6 | 9e88508da4cb257c-BOM | /object/info/public/issues/c08fe4ec-393d-4983-96c3-46d25f6cd220/1775227707605.jpg | undefined",
    "id": "8f5023ec-fd73-4f4e-bce8-a4b47330524c",
    "timestamp": 1775557383405000
  },
  {
    "event_message": "gipfcndtddodeyveexjx | GET | 200 | 10.102.17.188 | 9e88508d86287e2c-BOM | /object/info/public/issues/c08fe4ec-393d-4983-96c3-46d25f6cd220/1775227707605_v.mp4 | undefined",
    "id": "d23b8cf4-0592-4349-a571-1f0c532fa92d",
    "timestamp": 1775557383396000
  },
  {
    "event_message": "gipfcndtddodeyveexjx | GET | 200 | 10.102.17.188 | 9e885031179d257c-BOM | /object/info/public/issues/0d993af8-172c-425b-bada-c2ccb6a500b7/1775529193466.jpg | undefined",
    "id": "1f7a7b4b-9823-4f82-b30a-e0b97f728787",
    "timestamp": 1775557368593000
  },
  {
    "event_message": "gipfcndtddodeyveexjx | GET | 200 | 10.102.17.188 | 9e88502a40b86b93-BOM | /object/info/public/issues/0d993af8-172c-425b-bada-c2ccb6a500b7/1775529193466_v.mp4 | undefined",
    "id": "dea7fe16-001b-4251-aa83-409c4747ee12",
    "timestamp": 1775557367679000
  },
  {
    "event_message": "gipfcndtddodeyveexjx | GET | 200 | 10.102.17.165 | req-1i0a | /tenants/gipfcndtddodeyveexjx | @supabase-infra/mgmt-api/7068887",
    "id": "f5b537a3-f30c-4cd9-977e-16934af7dbb8",
    "timestamp": 1775553400426000
  },
  {
    "event_message": "gipfcndtddodeyveexjx | GET | 200 | 10.102.41.182 | req-18z2 | /tenants/gipfcndtddodeyveexjx | @supabase-infra/mgmt-api/7068887",
    "id": "001cca1c-5c2b-41e5-b617-8e3ef6685d27",
    "timestamp": 1775545405464000
  },
  {
    "event_message": "gipfcndtddodeyveexjx | GET | 200 | 10.102.17.188 | 9e85a0e5501693cb-BOM | /object/public/issues/0d993af8-172c-425b-bada-c2ccb6a500b7/1775529193466.jpg | Dart/3.11 (dart:io)",
    "id": "55590636-953b-4e34-a6ad-258acb9da959",
    "timestamp": 1775529217129000
  },
  {
    "event_message": "gipfcndtddodeyveexjx | GET | 200 | 10.102.42.6 | 9e85a0e1225a94bf-BOM | /object/info/public/issues/0d993af8-172c-425b-bada-c2ccb6a500b7/1775529193466_v.mp4 | undefined",
    "id": "c114570b-ef2b-4323-acd6-eebebd831d56",
    "timestamp": 1775529216897000
  },
  {
    "event_message": "gipfcndtddodeyveexjx | GET | 200 | 10.102.68.147 | 9e85a0e397c593cb-BOM | /object/info/public/issues/0d993af8-172c-425b-bada-c2ccb6a500b7/1775529193466.jpg | undefined",
    "id": "d8d18b9a-f25a-4b28-988a-3744d9022a73",
    "timestamp": 1775529216817000
  },
  {
    "event_message": "[Lifecycle]: ObjectCreated:Post gipfcndtddodeyveexjx/issues/0d993af8-172c-425b-bada-c2ccb6a500b7/1775529193466_v.mp4",
    "id": "7140a45d-a073-48a2-bdf4-f917343753c9",
    "timestamp": 1775529196882000
  },
  {
    "event_message": "gipfcndtddodeyveexjx | POST | 200 | 10.102.42.6 | 9e85a062517e94b0-CCU | /object/issues/0d993af8-172c-425b-bada-c2ccb6a500b7/1775529193466_v.mp4 | Dart/3.11 (dart:io)",
    "id": "3a718d42-fff0-4caa-a83f-4abf2d5ce1c8",
    "timestamp": 1775529196713000
  },
  {
    "event_message": "[Lifecycle]: ObjectCreated:Post gipfcndtddodeyveexjx/issues/0d993af8-172c-425b-bada-c2ccb6a500b7/1775529193466.jpg",
    "id": "ff373425-1d16-4733-b728-b2bab8d030f3",
    "timestamp": 1775529194881000
  },
  {
    "event_message": "gipfcndtddodeyveexjx | POST | 200 | 10.102.42.6 | 9e85a05742c394bc-CCU | /object/issues/0d993af8-172c-425b-bada-c2ccb6a500b7/1775529193466.jpg | Dart/3.11 (dart:io)",
    "id": "5651a75c-ff47-4eb8-9fa8-6b7dc62d1586",
    "timestamp": 1775529194517000
  },
  {
    "event_message": "gipfcndtddodeyveexjx | GET | 200 | 10.102.17.165 | req-83g | /tenants/gipfcndtddodeyveexjx/health | @supabase-infra/mgmt-api/8f7fcb6",
    "id": "7f4f32d2-b33c-4db1-9b11-601b8ceec4fc",
    "timestamp": 1775498398063000
  },
  {
    "event_message": "gipfcndtddodeyveexjx | GET | 200 | 10.102.68.147 | 9e829d8300581b89-DUB | /bucket?limit=100&offset=0&sortColumn=created_at&sortOrder=desc | @supabase-infra/mgmt-api/8f7fcb6",
    "id": "299dd42b-3f14-4c6c-b818-290b903ac28c",
    "timestamp": 1775497621448000
  },
  {
    "event_message": "gipfcndtddodeyveexjx | GET | 200 | 10.102.17.165 | req-7dz | /tenants/gipfcndtddodeyveexjx | @supabase-infra/mgmt-api/8f7fcb6",
    "id": "9f318eb4-b99e-4b32-9ee1-a7d2a70ab337",
    "timestamp": 1775497621013000
  },
  {
    "event_message": "gipfcndtddodeyveexjx | GET | 200 | 10.102.42.6 | 9e828b676664fce2-SIN | /bucket?limit=100&offset=0&sortColumn=created_at&sortOrder=desc | @supabase-infra/mgmt-api/8f7fcb6",
    "id": "619eb5ef-f2a9-48ad-953f-061dd2152c94",
    "timestamp": 1775496879479000
  },
  {
    "event_message": "gipfcndtddodeyveexjx | GET | 200 | 10.102.17.165 | req-6po | /tenants/gipfcndtddodeyveexjx | @supabase-infra/mgmt-api/8f7fcb6",
    "id": "dfa03c63-80e4-432e-8452-98e79d451056",
    "timestamp": 1775496867393000
  },
  {
    "event_message": "gipfcndtddodeyveexjx | GET | 200 | 10.102.41.182 | req-6j8 | /tenants/gipfcndtddodeyveexjx | @supabase-infra/mgmt-api/8f7fcb6",
    "id": "d64039d3-df1c-4d9a-a506-fba2555ca9c0",
    "timestamp": 1775496670928000
  },
  {
    "event_message": "gipfcndtddodeyveexjx | GET | 200 | 10.102.17.188 | 9e824710d4669a6f-BOM | /object/public/issues/scaled_b9fd33a9-1df4-4ba9-8e0f-22e984523f968795637812536502771.jpg | Dart/3.11 (dart:io)",
    "id": "9dac8747-e839-4ebd-9e6b-1ee07af50a11",
    "timestamp": 1775494080293000
  },
  {
    "event_message": "gipfcndtddodeyveexjx | GET | 200 | 10.102.42.6 | 9e824710633e9a9b-BOM | /object/public/issues/scaled_1eed4429-9116-49e2-87a5-b853f46ec74e1140703580049413056.jpg | Dart/3.11 (dart:io)",
    "id": "dab8ed2c-1b09-468f-852b-37abb8cfe896",
    "timestamp": 1775494080211000
  },
  {
    "event_message": "gipfcndtddodeyveexjx | GET | 200 | 10.102.42.6 | 9e8247106672288d-BOM | /object/public/issues/scaled_f178d537-1bf8-419d-bb29-9ead12fc50e73167910052859000843.jpg | Dart/3.11 (dart:io)",
    "id": "a9f03b32-8a09-4a94-880e-17a911bfcb54",
    "timestamp": 1775494080197000
  },
  {
    "event_message": "gipfcndtddodeyveexjx | GET | 200 | 10.102.17.188 | 9e82470f13e59a6f-BOM | /object/info/public/issues/scaled_b9fd33a9-1df4-4ba9-8e0f-22e984523f968795637812536502771.jpg | undefined",
    "id": "cee266af-fda5-45fa-8066-4982900e03ef",
    "timestamp": 1775494080123000
  },
  {
    "event_message": "gipfcndtddodeyveexjx | GET | 200 | 10.102.42.6 | 9e82470ee2e09a9b-BOM | /object/info/public/issues/scaled_1eed4429-9116-49e2-87a5-b853f46ec74e1140703580049413056.jpg | undefined",
    "id": "04800ce8-bc98-4cdc-aa75-411d6b09fbf1",
    "timestamp": 1775494080059000
  },
  {
    "event_message": "gipfcndtddodeyveexjx | GET | 200 | 10.102.42.6 | 9e82470ed564288d-BOM | /object/info/public/issues/scaled_f178d537-1bf8-419d-bb29-9ead12fc50e73167910052859000843.jpg | undefined",
    "id": "05db6dc9-78ad-4325-84d4-add1bb1b3c86",
    "timestamp": 1775494080058000
  },
  {
    "event_message": "gipfcndtddodeyveexjx | POST | 400 | 10.102.17.188 | 9e823dbad60a869e-NAG | /object/issues/scaled_1eed4429-9116-49e2-87a5-b853f46ec74e1140703580049413056.jpg | Dart/3.11 (dart:io)",
    "id": "3187b499-f2c0-4306-af3c-56f10b5caea8",
    "timestamp": 1775493697790000
  },
  {
    "event_message": "gipfcndtddodeyveexjx | POST | 400 | 10.102.17.188 | 9e823db21789869e-NAG | /object/issues/scaled_1eed4429-9116-49e2-87a5-b853f46ec74e1140703580049413056.jpg | Dart/3.11 (dart:io)",
    "id": "81c2dc8d-f9f8-4a4e-a029-ab1e1b473cd8",
    "timestamp": 1775493696383000
  },
  {
    "event_message": "gipfcndtddodeyveexjx | POST | 400 | 10.102.17.188 | 9e823d93f281869e-NAG | /object/issues/scaled_1eed4429-9116-49e2-87a5-b853f46ec74e1140703580049413056.jpg | Dart/3.11 (dart:io)",
    "id": "20186a7e-2d76-44de-b6d9-9df9bb0a11fe",
    "timestamp": 1775493691559000
  },
  {
    "event_message": "gipfcndtddodeyveexjx | POST | 400 | 10.102.17.188 | 9e823d8ba499869e-NAG | /object/issues/scaled_1eed4429-9116-49e2-87a5-b853f46ec74e1140703580049413056.jpg | Dart/3.11 (dart:io)",
    "id": "4582936c-c505-477b-905c-c41ae03608fd",
    "timestamp": 1775493690232000
  },
  {
    "event_message": "[Lifecycle]: ObjectCreated:Post gipfcndtddodeyveexjx/issues/scaled_b9fd33a9-1df4-4ba9-8e0f-22e984523f968795637812536502771.jpg",
    "id": "e74ccdd9-058c-4c3d-b7ce-02aed58cda7b",
    "timestamp": 1775493684845000
  },
  {
    "event_message": "gipfcndtddodeyveexjx | POST | 200 | 10.102.68.147 | 9e823d69220e869e-NAG | /object/issues/scaled_b9fd33a9-1df4-4ba9-8e0f-22e984523f968795637812536502771.jpg | Dart/3.11 (dart:io)",
    "id": "2731fcda-0db4-4490-939e-6c8d6d67fbad",
    "timestamp": 1775493684834000
  },
  {
    "event_message": "[Lifecycle]: ObjectCreated:Post gipfcndtddodeyveexjx/issues/scaled_f178d537-1bf8-419d-bb29-9ead12fc50e73167910052859000843.jpg",
    "id": "819b19d4-76b3-4a31-8ad2-39e07accf0dd",
    "timestamp": 1775493684022000
  },
  {
    "event_message": "[Lifecycle]: ObjectCreated:Post gipfcndtddodeyveexjx/issues/scaled_1eed4429-9116-49e2-87a5-b853f46ec74e1140703580049413056.jpg",
    "id": "4d4e271d-2b9d-445d-86d0-912be340720b",
    "timestamp": 1775493684020000
  },
  {
    "event_message": "gipfcndtddodeyveexjx | POST | 200 | 10.102.68.147 | 9e823d6307ba70aa-NAG | /object/issues/scaled_f178d537-1bf8-419d-bb29-9ead12fc50e73167910052859000843.jpg | Dart/3.11 (dart:io)",
    "id": "a9976e23-409d-4f8b-b7d3-1e9e09d62bae",
    "timestamp": 1775493683840000
  },
  {
    "event_message": "gipfcndtddodeyveexjx | POST | 200 | 10.102.68.147 | 9e823d5c422a70aa-NAG | /object/issues/scaled_1eed4429-9116-49e2-87a5-b853f46ec74e1140703580049413056.jpg | Dart/3.11 (dart:io)",
    "id": "3ddabdf7-6626-471f-a917-584437751df2",
    "timestamp": 1775493682911000
  },
  {
    "event_message": "gipfcndtddodeyveexjx | GET | 200 | 10.102.42.6 | 9e8234f42472288d-BOM | /object/public/avatars/c08fe4ec-393d-4983-96c3-46d25f6cd220/avatar_1774883647264.jpg | Dart/3.11 (dart:io)",
    "id": "0a85cd2c-6caf-4769-bf6a-a0c4c8bf6338",
    "timestamp": 1775493338394000
  },
  {
    "event_message": "gipfcndtddodeyveexjx | GET | 200 | 10.102.42.6 | 9e8234f2b336288d-BOM | /object/info/public/avatars/c08fe4ec-393d-4983-96c3-46d25f6cd220/avatar_1774883647264.jpg | undefined",
    "id": "4a34cca3-6966-4326-856e-487a57144564",
    "timestamp": 1775493338253000
  },
  {
    "event_message": "gipfcndtddodeyveexjx | GET | 200 | 10.102.68.147 | 9e823406e247288d-BOM | /object/public/issues/0d993af8-172c-425b-bada-c2ccb6a500b7/1775493291553.jpg | Dart/3.11 (dart:io)",
    "id": "486d2ca9-3d78-4342-8627-780411977d27",
    "timestamp": 1775493300398000
  },
  {
    "event_message": "gipfcndtddodeyveexjx | GET | 200 | 10.102.17.188 | 9e823405f16b288d-BOM | /object/public/issues/0d993af8-172c-425b-bada-c2ccb6a500b7/1775493291553_v.mp4 | ExoPlayer",
    "id": "f7dff28b-f3c5-46f7-92d4-17dcc0733af4",
    "timestamp": 1775493300350000
  },
  {
    "event_message": "gipfcndtddodeyveexjx | GET | 200 | 10.102.42.6 | 9e8234046072288d-BOM | /object/info/public/issues/0d993af8-172c-425b-bada-c2ccb6a500b7/1775493291553_v.mp4 | undefined",
    "id": "bf71bc70-32de-4d59-9d9b-3d60c53bc815",
    "timestamp": 1775493300140000
  },
  {
    "event_message": "[Lifecycle]: ObjectCreated:Post gipfcndtddodeyveexjx/issues/0d993af8-172c-425b-bada-c2ccb6a500b7/1775493291553_v.mp4",
    "id": "e5fcb348-c79a-4bf7-8aff-27ddb343a53d",
    "timestamp": 1775493295719000
  },
  {
    "event_message": "[Migrations] completed for tenant gipfcndtddodeyveexjx",
    "id": "5fac8c34-2036-4dff-9145-bafb3e8172f6",
    "timestamp": 1775493295631000
  },
  {
    "event_message": "[Migrations] running for tenant gipfcndtddodeyveexjx",
    "id": "a9320763-a017-40a9-8a9c-4ca1901e4378",
    "timestamp": 1775493295519000
  },
  {
    "event_message": "gipfcndtddodeyveexjx | POST | 200 | 10.102.68.147 | 9e8233e454779aa7-NAG | /object/issues/0d993af8-172c-425b-bada-c2ccb6a500b7/1775493291553_v.mp4 | Dart/3.11 (dart:io)",
    "id": "5a160c23-f6c1-4dbd-8dec-9f56eb2de5bc",
    "timestamp": 1775493295108000
  },
  {
    "event_message": "[Lifecycle]: ObjectCreated:Post gipfcndtddodeyveexjx/issues/0d993af8-172c-425b-bada-c2ccb6a500b7/1775493291553.jpg",
    "id": "62836f95-d0b7-4f71-88f8-ca177f3717e1",
    "timestamp": 1775493292643000
  },
  {
    "event_message": "gipfcndtddodeyveexjx | POST | 200 | 10.102.68.147 | 9e8233d454a60c17-NAG | /object/issues/0d993af8-172c-425b-bada-c2ccb6a500b7/1775493291553.jpg | Dart/3.11 (dart:io)",
    "id": "3ff31fb1-784d-4153-9162-5c453171d5ea",
    "timestamp": 1775493292449000
  }
]